This file contains any messages produced by compilers while
running configure, to aid debugging if configure makes a mistake.

It was created by configure, which was
generated by GNU Autoconf 2.59.  Invocation command line was

  $ ./configure --prefix=/usr --no-create --no-recursion

## --------- ##
## Platform. ##
## --------- ##

hostname = trebla
uname -m = i686
uname -r = 2.6.8-1.521
uname -s = Linux
uname -v = #1 Mon Aug 16 09:01:18 EDT 2004

/usr/bin/uname -p = unknown
/bin/uname -X     = unknown

/bin/arch              = i686
/usr/bin/arch -k       = unknown
/usr/convex/getsysinfo = unknown
hostinfo               = unknown
/bin/machine           = unknown
/usr/bin/oslevel       = unknown
/bin/universe          = unknown

PATH: /usr/kerberos/bin
PATH: /usr/local/bin
PATH: /bin
PATH: /usr/bin
PATH: /usr/X11R6/bin
PATH: /usr/lib/jre/bin
PATH: /home/tanel/bin
PATH: /opt/j2sdk1.4.2_04/bin
PATH: /usr/lib/jre/bin


## ----------- ##
## Core tests. ##
## ----------- ##

configure:1537: checking for a BSD-compatible install
configure:1592: result: /usr/bin/install -c
configure:1603: checking whether build environment is sane
configure:1646: result: yes
configure:1703: checking for gawk
configure:1719: found /bin/gawk
configure:1729: result: gawk
configure:1739: checking whether make sets $(MAKE)
configure:1759: result: yes
configure:1938: checking for style of include used by make
configure:1966: result: GNU
configure:2037: checking for gcc
configure:2053: found /usr/bin/gcc
configure:2063: result: gcc
configure:2307: checking for C compiler version
configure:2310: gcc --version </dev/null >&5
gcc (GCC) 3.4.1 20040702 (Red Hat Linux 3.4.1-2)
Copyright (C) 2004 Free Software Foundation, Inc.
This is free software; see the source for copying conditions.  There is NO
warranty; not even for MERCHANTABILITY or FITNESS FOR A PARTICULAR PURPOSE.

configure:2313: $? = 0
configure:2315: gcc -v </dev/null >&5
Reading specs from /usr/lib/gcc/i386-redhat-linux/3.4.1/specs
Configured with: ../configure --prefix=/usr --mandir=/usr/share/man --infodir=/usr/share/info --enable-shared --enable-threads=posix --disable-checking --with-system-zlib --enable-__cxa_atexit --disable-libunwind-exceptions --host=i386-redhat-linux
Thread model: posix
gcc version 3.4.1 20040702 (Red Hat Linux 3.4.1-2)
configure:2318: $? = 0
configure:2320: gcc -V </dev/null >&5
gcc: `-V' option must have argument
configure:2323: $? = 1
configure:2346: checking for C compiler default output file name
configure:2349: gcc    conftest.c  >&5
configure:2352: $? = 0
configure:2398: result: a.out
configure:2403: checking whether the C compiler works
configure:2409: ./a.out
configure:2412: $? = 0
configure:2429: result: yes
configure:2436: checking whether we are cross compiling
configure:2438: result: no
configure:2441: checking for suffix of executables
configure:2443: gcc -o conftest    conftest.c  >&5
configure:2446: $? = 0
configure:2471: result: 
configure:2477: checking for suffix of object files
configure:2498: gcc -c   conftest.c >&5
configure:2501: $? = 0
configure:2523: result: o
configure:2527: checking whether we are using the GNU C compiler
configure:2551: gcc -c   conftest.c >&5
configure:2557: $? = 0
configure:2561: test -z 
			 || test ! -s conftest.err
configure:2564: $? = 0
configure:2567: test -s conftest.o
configure:2570: $? = 0
configure:2583: result: yes
configure:2589: checking whether gcc accepts -g
configure:2610: gcc -c -g  conftest.c >&5
configure:2616: $? = 0
configure:2620: test -z 
			 || test ! -s conftest.err
configure:2623: $? = 0
configure:2626: test -s conftest.o
configure:2629: $? = 0
configure:2640: result: yes
configure:2657: checking for gcc option to accept ANSI C
configure:2727: gcc  -c -g -O2  conftest.c >&5
configure:2733: $? = 0
configure:2737: test -z 
			 || test ! -s conftest.err
configure:2740: $? = 0
configure:2743: test -s conftest.o
configure:2746: $? = 0
configure:2764: result: none needed
configure:2782: gcc -c -g -O2  conftest.c >&5
conftest.c:2: error: syntax error before "me"
configure:2788: $? = 1
configure: failed program was:
| #ifndef __cplusplus
|   choke me
| #endif
configure:2923: checking dependency style of gcc
configure:3013: result: gcc3
configure:3031: checking for library containing strerror
configure:3061: gcc -o conftest -g -O2   conftest.c  >&5
configure:3067: $? = 0
configure:3071: test -z 
			 || test ! -s conftest.err
configure:3074: $? = 0
configure:3077: test -s conftest
configure:3080: $? = 0
configure:3150: result: none required
configure:3205: checking for gcc
configure:3231: result: gcc
configure:3475: checking for C compiler version
configure:3478: gcc --version </dev/null >&5
gcc (GCC) 3.4.1 20040702 (Red Hat Linux 3.4.1-2)
Copyright (C) 2004 Free Software Foundation, Inc.
This is free software; see the source for copying conditions.  There is NO
warranty; not even for MERCHANTABILITY or FITNESS FOR A PARTICULAR PURPOSE.

configure:3481: $? = 0
configure:3483: gcc -v </dev/null >&5
Reading specs from /usr/lib/gcc/i386-redhat-linux/3.4.1/specs
Configured with: ../configure --prefix=/usr --mandir=/usr/share/man --infodir=/usr/share/info --enable-shared --enable-threads=posix --disable-checking --with-system-zlib --enable-__cxa_atexit --disable-libunwind-exceptions --host=i386-redhat-linux
Thread model: posix
gcc version 3.4.1 20040702 (Red Hat Linux 3.4.1-2)
configure:3486: $? = 0
configure:3488: gcc -V </dev/null >&5
gcc: `-V' option must have argument
configure:3491: $? = 1
configure:3494: checking whether we are using the GNU C compiler
configure:3550: result: yes
configure:3556: checking whether gcc accepts -g
configure:3607: result: yes
configure:3624: checking for gcc option to accept ANSI C
configure:3731: result: none needed
configure:3749: gcc -c   conftest.c >&5
conftest.c:2: error: syntax error before "me"
configure:3755: $? = 1
configure: failed program was:
| #ifndef __cplusplus
|   choke me
| #endif
configure:3890: checking dependency style of gcc
configure:3980: result: gcc3
configure:4043: checking for gcc
configure:4069: result: gcc
configure:4313: checking for C compiler version
configure:4316: gcc --version </dev/null >&5
gcc (GCC) 3.4.1 20040702 (Red Hat Linux 3.4.1-2)
Copyright (C) 2004 Free Software Foundation, Inc.
This is free software; see the source for copying conditions.  There is NO
warranty; not even for MERCHANTABILITY or FITNESS FOR A PARTICULAR PURPOSE.

configure:4319: $? = 0
configure:4321: gcc -v </dev/null >&5
Reading specs from /usr/lib/gcc/i386-redhat-linux/3.4.1/specs
Configured with: ../configure --prefix=/usr --mandir=/usr/share/man --infodir=/usr/share/info --enable-shared --enable-threads=posix --disable-checking --with-system-zlib --enable-__cxa_atexit --disable-libunwind-exceptions --host=i386-redhat-linux
Thread model: posix
gcc version 3.4.1 20040702 (Red Hat Linux 3.4.1-2)
configure:4324: $? = 0
configure:4326: gcc -V </dev/null >&5
gcc: `-V' option must have argument
configure:4329: $? = 1
configure:4332: checking whether we are using the GNU C compiler
configure:4388: result: yes
configure:4394: checking whether gcc accepts -g
configure:4445: result: yes
configure:4462: checking for gcc option to accept ANSI C
configure:4569: result: none needed
configure:4587: gcc -c   conftest.c >&5
conftest.c:2: error: syntax error before "me"
configure:4593: $? = 1
configure: failed program was:
| #ifndef __cplusplus
|   choke me
| #endif
configure:4728: checking dependency style of gcc
configure:4818: result: gcc3
configure:4843: checking how to run the C preprocessor
configure:4878: gcc -E  conftest.c
configure:4884: $? = 0
configure:4916: gcc -E  conftest.c
conftest.c:11:28: ac_nonexistent.h: No such file or directory
configure:4922: $? = 1
configure: failed program was:
| /* confdefs.h.  */
| 
| #define PACKAGE_NAME ""
| #define PACKAGE_TARNAME ""
| #define PACKAGE_VERSION ""
| #define PACKAGE_STRING ""
| #define PACKAGE_BUGREPORT ""
| #define PACKAGE "quitter"
| #define VERSION "0.2"
| /* end confdefs.h.  */
| #include <ac_nonexistent.h>
configure:4961: result: gcc -E
configure:4985: gcc -E  conftest.c
configure:4991: $? = 0
configure:5023: gcc -E  conftest.c
conftest.c:11:28: ac_nonexistent.h: No such file or directory
configure:5029: $? = 1
configure: failed program was:
| /* confdefs.h.  */
| 
| #define PACKAGE_NAME ""
| #define PACKAGE_TARNAME ""
| #define PACKAGE_VERSION ""
| #define PACKAGE_STRING ""
| #define PACKAGE_BUGREPORT ""
| #define PACKAGE "quitter"
| #define VERSION "0.2"
| /* end confdefs.h.  */
| #include <ac_nonexistent.h>
configure:5073: checking for egrep
configure:5083: result: grep -E
configure:5088: checking for ANSI C header files
configure:5113: gcc -c   conftest.c >&5
configure:5119: $? = 0
configure:5123: test -z 
			 || test ! -s conftest.err
configure:5126: $? = 0
configure:5129: test -s conftest.o
configure:5132: $? = 0
configure:5218: gcc -o conftest    conftest.c  >&5
configure:5221: $? = 0
configure:5223: ./conftest
configure:5226: $? = 0
configure:5241: result: yes
configure:5329: checking build system type
configure:5347: result: i686-redhat-linux-gnu
configure:5355: checking host system type
configure:5369: result: i686-redhat-linux-gnu
configure:5377: checking for a sed that does not truncate output
configure:5431: result: /bin/sed
configure:5445: checking for ld used by gcc
configure:5512: result: /usr/bin/ld
configure:5521: checking if the linker (/usr/bin/ld) is GNU ld
configure:5536: result: yes
configure:5541: checking for /usr/bin/ld option to reload object files
configure:5548: result: -r
configure:5557: checking for BSD-compatible nm
configure:5599: result: /usr/bin/nm -B
configure:5603: checking whether ln -s works
configure:5607: result: yes
configure:5614: checking how to recognise dependent libraries
configure:5797: result: pass_all
configure:6019: checking for sys/types.h
configure:6035: gcc -c   conftest.c >&5
configure:6041: $? = 0
configure:6045: test -z 
			 || test ! -s conftest.err
configure:6048: $? = 0
configure:6051: test -s conftest.o
configure:6054: $? = 0
configure:6065: result: yes
configure:6019: checking for sys/stat.h
configure:6035: gcc -c   conftest.c >&5
configure:6041: $? = 0
configure:6045: test -z 
			 || test ! -s conftest.err
configure:6048: $? = 0
configure:6051: test -s conftest.o
configure:6054: $? = 0
configure:6065: result: yes
configure:6019: checking for stdlib.h
configure:6035: gcc -c   conftest.c >&5
configure:6041: $? = 0
configure:6045: test -z 
			 || test ! -s conftest.err
configure:6048: $? = 0
configure:6051: test -s conftest.o
configure:6054: $? = 0
configure:6065: result: yes
configure:6019: checking for string.h
configure:6035: gcc -c   conftest.c >&5
configure:6041: $? = 0
configure:6045: test -z 
			 || test ! -s conftest.err
configure:6048: $? = 0
configure:6051: test -s conftest.o
configure:6054: $? = 0
configure:6065: result: yes
configure:6019: checking for memory.h
configure:6035: gcc -c   conftest.c >&5
configure:6041: $? = 0
configure:6045: test -z 
			 || test ! -s conftest.err
configure:6048: $? = 0
configure:6051: test -s conftest.o
configure:6054: $? = 0
configure:6065: result: yes
configure:6019: checking for strings.h
configure:6035: gcc -c   conftest.c >&5
configure:6041: $? = 0
configure:6045: test -z 
			 || test ! -s conftest.err
configure:6048: $? = 0
configure:6051: test -s conftest.o
configure:6054: $? = 0
configure:6065: result: yes
configure:6019: checking for inttypes.h
configure:6035: gcc -c   conftest.c >&5
configure:6041: $? = 0
configure:6045: test -z 
			 || test ! -s conftest.err
configure:6048: $? = 0
configure:6051: test -s conftest.o
configure:6054: $? = 0
configure:6065: result: yes
configure:6019: checking for stdint.h
configure:6035: gcc -c   conftest.c >&5
configure:6041: $? = 0
configure:6045: test -z 
			 || test ! -s conftest.err
configure:6048: $? = 0
configure:6051: test -s conftest.o
configure:6054: $? = 0
configure:6065: result: yes
configure:6019: checking for unistd.h
configure:6035: gcc -c   conftest.c >&5
configure:6041: $? = 0
configure:6045: test -z 
			 || test ! -s conftest.err
configure:6048: $? = 0
configure:6051: test -s conftest.o
configure:6054: $? = 0
configure:6065: result: yes
configure:6091: checking dlfcn.h usability
configure:6103: gcc -c   conftest.c >&5
configure:6109: $? = 0
configure:6113: test -z 
			 || test ! -s conftest.err
configure:6116: $? = 0
configure:6119: test -s conftest.o
configure:6122: $? = 0
configure:6132: result: yes
configure:6136: checking dlfcn.h presence
configure:6146: gcc -E  conftest.c
configure:6152: $? = 0
configure:6172: result: yes
configure:6207: checking for dlfcn.h
configure:6214: result: yes
configure:6279: checking for g++
configure:6295: found /usr/bin/g++
configure:6305: result: g++
configure:6321: checking for C++ compiler version
configure:6324: g++ --version </dev/null >&5
g++ (GCC) 3.4.1 20040702 (Red Hat Linux 3.4.1-2)
Copyright (C) 2004 Free Software Foundation, Inc.
This is free software; see the source for copying conditions.  There is NO
warranty; not even for MERCHANTABILITY or FITNESS FOR A PARTICULAR PURPOSE.

configure:6327: $? = 0
configure:6329: g++ -v </dev/null >&5
Reading specs from /usr/lib/gcc/i386-redhat-linux/3.4.1/specs
Configured with: ../configure --prefix=/usr --mandir=/usr/share/man --infodir=/usr/share/info --enable-shared --enable-threads=posix --disable-checking --with-system-zlib --enable-__cxa_atexit --disable-libunwind-exceptions --host=i386-redhat-linux
Thread model: posix
gcc version 3.4.1 20040702 (Red Hat Linux 3.4.1-2)
configure:6332: $? = 0
configure:6334: g++ -V </dev/null >&5
g++: `-V' option must have argument
configure:6337: $? = 1
configure:6340: checking whether we are using the GNU C++ compiler
configure:6364: g++ -c   conftest.cc >&5
configure:6370: $? = 0
configure:6374: test -z 
			 || test ! -s conftest.err
configure:6377: $? = 0
configure:6380: test -s conftest.o
configure:6383: $? = 0
configure:6396: result: yes
configure:6402: checking whether g++ accepts -g
configure:6423: g++ -c -g  conftest.cc >&5
configure:6429: $? = 0
configure:6433: test -z 
			 || test ! -s conftest.err
configure:6436: $? = 0
configure:6439: test -s conftest.o
configure:6442: $? = 0
configure:6453: result: yes
configure:6495: g++ -c -g -O2  conftest.cc >&5
configure:6501: $? = 0
configure:6505: test -z 
			 || test ! -s conftest.err
configure:6508: $? = 0
configure:6511: test -s conftest.o
configure:6514: $? = 0
configure:6540: g++ -c -g -O2  conftest.cc >&5
conftest.cc: In function `int main()':
conftest.cc:26: error: `exit' undeclared (first use this function)
conftest.cc:26: error: (Each undeclared identifier is reported only once for each function it appears in.)
configure:6546: $? = 1
configure: failed program was:
| /* confdefs.h.  */
| 
| #define PACKAGE_NAME ""
| #define PACKAGE_TARNAME ""
| #define PACKAGE_VERSION ""
| #define PACKAGE_STRING ""
| #define PACKAGE_BUGREPORT ""
| #define PACKAGE "quitter"
| #define VERSION "0.2"
| #define STDC_HEADERS 1
| #define HAVE_SYS_TYPES_H 1
| #define HAVE_SYS_STAT_H 1
| #define HAVE_STDLIB_H 1
| #define HAVE_STRING_H 1
| #define HAVE_MEMORY_H 1
| #define HAVE_STRINGS_H 1
| #define HAVE_INTTYPES_H 1
| #define HAVE_STDINT_H 1
| #define HAVE_UNISTD_H 1
| #define HAVE_DLFCN_H 1
| /* end confdefs.h.  */
| 
| int
| main ()
| {
| exit (42);
|   ;
|   return 0;
| }
configure:6495: g++ -c -g -O2  conftest.cc >&5
configure:6501: $? = 0
configure:6505: test -z 
			 || test ! -s conftest.err
configure:6508: $? = 0
configure:6511: test -s conftest.o
configure:6514: $? = 0
configure:6540: g++ -c -g -O2  conftest.cc >&5
configure:6546: $? = 0
configure:6550: test -z 
			 || test ! -s conftest.err
configure:6553: $? = 0
configure:6556: test -s conftest.o
configure:6559: $? = 0
configure:6584: checking dependency style of g++
configure:6674: result: gcc3
configure:6696: checking how to run the C++ preprocessor
configure:6727: g++ -E  conftest.cc
configure:6733: $? = 0
configure:6765: g++ -E  conftest.cc
conftest.cc:25:28: ac_nonexistent.h: No such file or directory
configure:6771: $? = 1
configure: failed program was:
| /* confdefs.h.  */
| 
| #define PACKAGE_NAME ""
| #define PACKAGE_TARNAME ""
| #define PACKAGE_VERSION ""
| #define PACKAGE_STRING ""
| #define PACKAGE_BUGREPORT ""
| #define PACKAGE "quitter"
| #define VERSION "0.2"
| #define STDC_HEADERS 1
| #define HAVE_SYS_TYPES_H 1
| #define HAVE_SYS_STAT_H 1
| #define HAVE_STDLIB_H 1
| #define HAVE_STRING_H 1
| #define HAVE_MEMORY_H 1
| #define HAVE_STRINGS_H 1
| #define HAVE_INTTYPES_H 1
| #define HAVE_STDINT_H 1
| #define HAVE_UNISTD_H 1
| #define HAVE_DLFCN_H 1
| #ifdef __cplusplus
| extern "C" void std::exit (int) throw (); using std::exit;
| #endif
| /* end confdefs.h.  */
| #include <ac_nonexistent.h>
configure:6810: result: g++ -E
configure:6834: g++ -E  conftest.cc
configure:6840: $? = 0
configure:6872: g++ -E  conftest.cc
conftest.cc:25:28: ac_nonexistent.h: No such file or directory
configure:6878: $? = 1
configure: failed program was:
| /* confdefs.h.  */
| 
| #define PACKAGE_NAME ""
| #define PACKAGE_TARNAME ""
| #define PACKAGE_VERSION ""
| #define PACKAGE_STRING ""
| #define PACKAGE_BUGREPORT ""
| #define PACKAGE "quitter"
| #define VERSION "0.2"
| #define STDC_HEADERS 1
| #define HAVE_SYS_TYPES_H 1
| #define HAVE_SYS_STAT_H 1
| #define HAVE_STDLIB_H 1
| #define HAVE_STRING_H 1
| #define HAVE_MEMORY_H 1
| #define HAVE_STRINGS_H 1
| #define HAVE_INTTYPES_H 1
| #define HAVE_STDINT_H 1
| #define HAVE_UNISTD_H 1
| #define HAVE_DLFCN_H 1
| #ifdef __cplusplus
| extern "C" void std::exit (int) throw (); using std::exit;
| #endif
| /* end confdefs.h.  */
| #include <ac_nonexistent.h>
configure:6973: checking for g77
configure:7002: result: no
configure:6973: checking for f77
configure:7002: result: no
configure:6973: checking for xlf
configure:7002: result: no
configure:6973: checking for frt
configure:7002: result: no
configure:6973: checking for pgf77
configure:7002: result: no
configure:6973: checking for fort77
configure:7002: result: no
configure:6973: checking for fl32
configure:7002: result: no
configure:6973: checking for af77
configure:7002: result: no
configure:6973: checking for f90
configure:7002: result: no
configure:6973: checking for xlf90
configure:7002: result: no
configure:6973: checking for pgf90
configure:7002: result: no
configure:6973: checking for epcf90
configure:7002: result: no
configure:6973: checking for f95
configure:7002: result: no
configure:6973: checking for fort
configure:7002: result: no
configure:6973: checking for xlf95
configure:7002: result: no
configure:6973: checking for ifc
configure:7002: result: no
configure:6973: checking for efc
configure:7002: result: no
configure:6973: checking for pgf95
configure:7002: result: no
configure:6973: checking for lf95
configure:7002: result: no
configure:6973: checking for gfortran
configure:7002: result: no
configure:7017: checking for Fortran 77 compiler version
configure:7017:  --version </dev/null >&5
./configure: line 1: --version: command not found
configure:7020: $? = 127
configure:7022:  -v </dev/null >&5
./configure: line 1: -v: command not found
configure:7025: $? = 127
configure:7027:  -V </dev/null >&5
./configure: line 1: -V: command not found
configure:7030: $? = 127
configure:7038: checking whether we are using the GNU Fortran 77 compiler
configure:7052:  -c  conftest.F >&5
./configure: line 1: -c: command not found
configure:7058: $? = 127
configure: failed program was:
|       program main
| #ifndef __GNUC__
|        choke me
| #endif
| 
|       end
configure:7084: result: no
configure:7090: checking whether  accepts -g
configure:7102:  -c -g conftest.f >&5
./configure: line 1: -c: command not found
configure:7108: $? = 127
configure: failed program was:
|       program main
| 
|       end
configure:7133: result: no
configure:7163: checking the maximum length of command line arguments
configure:7228: result: 32768
configure:7239: checking command to parse /usr/bin/nm -B output from gcc object
configure:7328: gcc -c   conftest.c >&5
configure:7331: $? = 0
configure:7335: /usr/bin/nm -B conftest.o \| sed -n -e 's/^.*[ 	]\([ABCDGIRSTW][ABCDGIRSTW]*\)[ 	][ 	]*\(\)\([_A-Za-z][_A-Za-z0-9]*\)$/\1 \2\3 \3/p' \> conftest.nm
configure:7338: $? = 0
configure:7390: gcc -o conftest    conftest.c conftstm.o >&5
configure:7393: $? = 0
configure:7431: result: ok
configure:7435: checking for objdir
configure:7450: result: .libs
configure:7540: checking for ar
configure:7556: found /usr/bin/ar
configure:7567: result: ar
configure:7620: checking for ranlib
configure:7636: found /usr/bin/ranlib
configure:7647: result: ranlib
configure:7700: checking for strip
configure:7716: found /usr/bin/strip
configure:7727: result: strip
configure:7989: checking if gcc static flag  works
configure:8012: result: yes
configure:8030: checking if gcc supports -fno-rtti -fno-exceptions
configure:8051: gcc -c   -fno-rtti -fno-exceptions conftest.c >&5
cc1: warning: command line option "-fno-rtti" is valid for C++/ObjC++ but not for C
configure:8055: $? = 0
configure:8063: result: no
configure:8078: checking for gcc option to produce PIC
configure:8255: result: -fPIC
configure:8263: checking if gcc PIC flag -fPIC works
configure:8284: gcc -c   -fPIC -DPIC conftest.c >&5
configure:8288: $? = 0
configure:8296: result: yes
configure:8320: checking if gcc supports -c -o file.o
configure:8344: gcc -c   -o out/conftest2.o conftest.c >&5
configure:8348: $? = 0
configure:8365: result: yes
configure:8391: checking whether the gcc linker (/usr/bin/ld) supports shared libraries
configure:9239: result: yes
configure:9265: checking whether -lc should be explicitly linked in
configure:9270: gcc -c   conftest.c >&5
configure:9273: $? = 0
configure:9287: gcc -shared conftest.o  -v -Wl,-soname -Wl,conftest -o conftest 2\>\&1 \| grep  -lc  \>/dev/null 2\>\&1
configure:9290: $? = 0
configure:9302: result: no
configure:9310: checking dynamic linker characteristics
configure:9871: result: GNU/Linux ld.so
configure:9875: checking how to hardcode library paths into programs
configure:9900: result: immediate
configure:9914: checking whether stripping libraries is possible
configure:9919: result: yes
configure:10749: checking if libtool supports shared libraries
configure:10751: result: yes
configure:10754: checking whether to build shared libraries
configure:10812: result: yes
configure:10815: checking whether to build static libraries
configure:10819: result: yes
configure:10911: creating libtool
configure:11458: checking for ld used by g++
configure:11525: result: /usr/bin/ld
configure:11534: checking if the linker (/usr/bin/ld) is GNU ld
configure:11549: result: yes
configure:11600: checking whether the g++ linker (/usr/bin/ld) supports shared libraries
configure:12428: result: yes
configure:12446: g++ -c -g -O2  conftest.cc >&5
configure:12449: $? = 0
configure:12545: checking for g++ option to produce PIC
configure:12797: result: -fPIC
configure:12805: checking if g++ PIC flag -fPIC works
configure:12826: g++ -c -g -O2  -fPIC -DPIC conftest.cc >&5
configure:12830: $? = 0
configure:12838: result: yes
configure:12862: checking if g++ supports -c -o file.o
configure:12886: g++ -c -g -O2  -o out/conftest2.o conftest.cc >&5
configure:12890: $? = 0
configure:12907: result: yes
configure:12933: checking whether the g++ linker (/usr/bin/ld) supports shared libraries
configure:12958: result: yes
configure:13029: checking dynamic linker characteristics
configure:13590: result: GNU/Linux ld.so
configure:13594: checking how to hardcode library paths into programs
configure:13619: result: immediate
configure:13633: checking whether stripping libraries is possible
configure:13638: result: yes
configure:20931: checking for pkg-config
configure:20949: found /usr/bin/pkg-config
configure:20962: result: /usr/bin/pkg-config
configure:20979: checking for gtk+-2.0 gdk-2.0
configure:20983: result: yes
configure:20987: checking GTK_CFLAGS
configure:20990: result: -I/usr/include/gtk-2.0 -I/usr/lib/gtk-2.0/include -I/usr/include/atk-1.0 -I/usr/include/pango-1.0 -I/usr/X11R6/include -I/usr/include/freetype2 -I/usr/include/freetype2/config -I/usr/include/glib-2.0 -I/usr/lib/glib-2.0/include  
configure:20993: checking GTK_LIBS
configure:20996: result: -Wl,--export-dynamic -lgtk-x11-2.0 -latk-1.0 -lgdk-x11-2.0 -lgdk_pixbuf-2.0 -lm -lpangoxft-1.0 -lpangox-1.0 -lpango-1.0 -lgobject-2.0 -lgmodule-2.0 -ldl -lglib-2.0  
configure:21084: checking for libpanelapplet-2.0
configure:21088: result: yes
configure:21092: checking GNOME_APPLETS_CFLAGS
configure:21095: result: -DORBIT2=1 -pthread -I/usr/include/panel-2.0 -I/usr/include/gtk-2.0 -I/usr/include/libgnomeui-2.0 -I/usr/include/libbonoboui-2.0 -I/usr/lib/gtk-2.0/include -I/usr/include/atk-1.0 -I/usr/include/pango-1.0 -I/usr/X11R6/include -I/usr/include/freetype2 -I/usr/include/freetype2/config -I/usr/include/glib-2.0 -I/usr/lib/glib-2.0/include -I/usr/include/libgnome-2.0 -I/usr/include/libgnomecanvas-2.0 -I/usr/include/libart-2.0 -I/usr/include/gconf/2 -I/usr/include/orbit-2.0 -I/usr/include/libbonobo-2.0 -I/usr/include/gnome-vfs-2.0 -I/usr/lib/gnome-vfs-2.0/include -I/usr/include/bonobo-activation-2.0 -I/usr/include/libxml2  
configure:21098: checking GNOME_APPLETS_LIBS
configure:21101: result: -Wl,--export-dynamic -pthread -L/usr/X11R6/lib -lpanel-applet-2 -lgnomeui-2 -lSM -lICE -lbonoboui-2 -lxml2 -lpthread -lz -lgnomecanvas-2 -lgnome-2 -lpopt -lart_lgpl_2 -lpangoft2-1.0 -lgtk-x11-2.0 -lgdk-x11-2.0 -latk-1.0 -lgdk_pixbuf-2.0 -lpangoxft-1.0 -lpangox-1.0 -lpango-1.0 -lgobject-2.0 -lbonobo-2 -lgconf-2 -lgnomevfs-2 -lbonobo-activation -lORBit-2 -lm -lgmodule-2.0 -ldl -lgthread-2.0 -lglib-2.0  
configure:21320: creating ./config.status

## ---------------- ##
## Cache variables. ##
## ---------------- ##

ac_cv_build=i686-redhat-linux-gnu
ac_cv_build_alias=i686-redhat-linux-gnu
ac_cv_c_compiler_gnu=yes
ac_cv_cxx_compiler_gnu=yes
ac_cv_env_CC_set=
ac_cv_env_CC_value=
ac_cv_env_CFLAGS_set=
ac_cv_env_CFLAGS_value=
ac_cv_env_CPPFLAGS_set=
ac_cv_env_CPPFLAGS_value=
ac_cv_env_CPP_set=
ac_cv_env_CPP_value=
ac_cv_env_CXXCPP_set=
ac_cv_env_CXXCPP_value=
ac_cv_env_CXXFLAGS_set=
ac_cv_env_CXXFLAGS_value=
ac_cv_env_CXX_set=
ac_cv_env_CXX_value=
ac_cv_env_F77_set=
ac_cv_env_F77_value=
ac_cv_env_FFLAGS_set=
ac_cv_env_FFLAGS_value=
ac_cv_env_LDFLAGS_set=
ac_cv_env_LDFLAGS_value=
ac_cv_env_build_alias_set=
ac_cv_env_build_alias_value=
ac_cv_env_host_alias_set=
ac_cv_env_host_alias_value=
ac_cv_env_target_alias_set=
ac_cv_env_target_alias_value=
ac_cv_exeext=
ac_cv_f77_compiler_gnu=no
ac_cv_header_dlfcn_h=yes
ac_cv_header_inttypes_h=yes
ac_cv_header_memory_h=yes
ac_cv_header_stdc=yes
ac_cv_header_stdint_h=yes
ac_cv_header_stdlib_h=yes
ac_cv_header_string_h=yes
ac_cv_header_strings_h=yes
ac_cv_header_sys_stat_h=yes
ac_cv_header_sys_types_h=yes
ac_cv_header_unistd_h=yes
ac_cv_host=i686-redhat-linux-gnu
ac_cv_host_alias=i686-redhat-linux-gnu
ac_cv_objext=o
ac_cv_path_PKG_CONFIG=/usr/bin/pkg-config
ac_cv_path_install='/usr/bin/install -c'
ac_cv_prog_AWK=gawk
ac_cv_prog_CPP='gcc -E'
ac_cv_prog_CXXCPP='g++ -E'
ac_cv_prog_ac_ct_AR=ar
ac_cv_prog_ac_ct_CC=gcc
ac_cv_prog_ac_ct_CXX=g++
ac_cv_prog_ac_ct_RANLIB=ranlib
ac_cv_prog_ac_ct_STRIP=strip
ac_cv_prog_cc_g=yes
ac_cv_prog_cc_stdc=
ac_cv_prog_cxx_g=yes
ac_cv_prog_egrep='grep -E'
ac_cv_prog_f77_g=no
ac_cv_prog_make_make_set=yes
ac_cv_search_strerror='none required'
am_cv_CC_dependencies_compiler_type=gcc3
am_cv_CXX_dependencies_compiler_type=gcc3
am_cv_prog_cc_stdc=
lt_cv_deplibs_check_method=pass_all
lt_cv_file_magic_cmd='$MAGIC_CMD'
lt_cv_file_magic_test_file='/lib/libc.so.6 /lib/libc-2.3.3.so'
lt_cv_ld_reload_flag=-r
lt_cv_objdir=.libs
lt_cv_path_LD=/usr/bin/ld
lt_cv_path_LDCXX=/usr/bin/ld
lt_cv_path_NM='/usr/bin/nm -B'
lt_cv_path_SED=/bin/sed
lt_cv_prog_compiler_c_o=yes
lt_cv_prog_compiler_c_o_CXX=yes
lt_cv_prog_compiler_rtti_exceptions=no
lt_cv_prog_gnu_ld=yes
lt_cv_prog_gnu_ldcxx=yes
lt_cv_sys_global_symbol_pipe='sed -n -e '\''s/^.*[ 	]\([ABCDGIRSTW][ABCDGIRSTW]*\)[ 	][ 	]*\(\)\([_A-Za-z][_A-Za-z0-9]*\)$/\1 \2\3 \3/p'\'''
lt_cv_sys_global_symbol_to_c_name_address='sed -n -e '\''s/^: \([^ ]*\) $/  {\"\1\", (lt_ptr) 0},/p'\'' -e '\''s/^[BCDEGRST] \([^ ]*\) \([^ ]*\)$/  {"\2", (lt_ptr) \&\2},/p'\'''
lt_cv_sys_global_symbol_to_cdecl='sed -n -e '\''s/^. .* \(.*\)$/extern int \1;/p'\'''
lt_cv_sys_max_cmd_len=32768
lt_lt_cv_prog_compiler_c_o='"yes"'
lt_lt_cv_prog_compiler_c_o_CXX='"yes"'
lt_lt_cv_sys_global_symbol_pipe='"sed -n -e '\''s/^.*[ 	]\\([ABCDGIRSTW][ABCDGIRSTW]*\\)[ 	][ 	]*\\(\\)\\([_A-Za-z][_A-Za-z0-9]*\\)\$/\\1 \\2\\3 \\3/p'\''"'
lt_lt_cv_sys_global_symbol_to_c_name_address='"sed -n -e '\''s/^: \\([^ ]*\\) \$/  {\\\"\\1\\\", (lt_ptr) 0},/p'\'' -e '\''s/^[BCDEGRST] \\([^ ]*\\) \\([^ ]*\\)\$/  {\"\\2\", (lt_ptr) \\&\\2},/p'\''"'
lt_lt_cv_sys_global_symbol_to_cdecl='"sed -n -e '\''s/^. .* \\(.*\\)\$/extern int \\1;/p'\''"'

## ----------------- ##
## Output variables. ##
## ----------------- ##

ACLOCAL='${SHELL} /home/tanel/Projects/quitter/missing --run aclocal-1.8'
AMDEPBACKSLASH='\'
AMDEP_FALSE='#'
AMDEP_TRUE=''
AMTAR='${SHELL} /home/tanel/Projects/quitter/missing --run tar'
AR='ar'
AUTOCONF='${SHELL} /home/tanel/Projects/quitter/missing --run autoconf'
AUTOHEADER='${SHELL} /home/tanel/Projects/quitter/missing --run autoheader'
AUTOMAKE='${SHELL} /home/tanel/Projects/quitter/missing --run automake-1.8'
AWK='gawk'
CC='gcc'
CCDEPMODE='depmode=gcc3'
CFLAGS=''
CPP='gcc -E'
CPPFLAGS=''
CXX='g++'
CXXCPP='g++ -E'
CXXDEPMODE='depmode=gcc3'
CXXFLAGS='-g -O2'
CYGPATH_W='echo'
DEFS='-DHAVE_CONFIG_H'
DEPDIR='.deps'
ECHO='echo'
ECHO_C=''
ECHO_N='-n'
ECHO_T=''
EGREP='grep -E'
EXEEXT=''
F77=''
FFLAGS=''
GNOME_APPLETS_CFLAGS='-DORBIT2=1 -pthread -I/usr/include/panel-2.0 -I/usr/include/gtk-2.0 -I/usr/include/libgnomeui-2.0 -I/usr/include/libbonoboui-2.0 -I/usr/lib/gtk-2.0/include -I/usr/include/atk-1.0 -I/usr/include/pango-1.0 -I/usr/X11R6/include -I/usr/include/freetype2 -I/usr/include/freetype2/config -I/usr/include/glib-2.0 -I/usr/lib/glib-2.0/include -I/usr/include/libgnome-2.0 -I/usr/include/libgnomecanvas-2.0 -I/usr/include/libart-2.0 -I/usr/include/gconf/2 -I/usr/include/orbit-2.0 -I/usr/include/libbonobo-2.0 -I/usr/include/gnome-vfs-2.0 -I/usr/lib/gnome-vfs-2.0/include -I/usr/include/bonobo-activation-2.0 -I/usr/include/libxml2  '
GNOME_APPLETS_LIBS='-Wl,--export-dynamic -pthread -L/usr/X11R6/lib -lpanel-applet-2 -lgnomeui-2 -lSM -lICE -lbonoboui-2 -lxml2 -lpthread -lz -lgnomecanvas-2 -lgnome-2 -lpopt -lart_lgpl_2 -lpangoft2-1.0 -lgtk-x11-2.0 -lgdk-x11-2.0 -latk-1.0 -lgdk_pixbuf-2.0 -lpangoxft-1.0 -lpangox-1.0 -lpango-1.0 -lgobject-2.0 -lbonobo-2 -lgconf-2 -lgnomevfs-2 -lbonobo-activation -lORBit-2 -lm -lgmodule-2.0 -ldl -lgthread-2.0 -lglib-2.0  '
GTK_CFLAGS='-I/usr/include/gtk-2.0 -I/usr/lib/gtk-2.0/include -I/usr/include/atk-1.0 -I/usr/include/pango-1.0 -I/usr/X11R6/include -I/usr/include/freetype2 -I/usr/include/freetype2/config -I/usr/include/glib-2.0 -I/usr/lib/glib-2.0/include  '
GTK_LIBS='-Wl,--export-dynamic -lgtk-x11-2.0 -latk-1.0 -lgdk-x11-2.0 -lgdk_pixbuf-2.0 -lm -lpangoxft-1.0 -lpangox-1.0 -lpango-1.0 -lgobject-2.0 -lgmodule-2.0 -ldl -lglib-2.0  '
INSTALL_DATA='${INSTALL} -m 644'
INSTALL_PROGRAM='${INSTALL}'
INSTALL_SCRIPT='${INSTALL}'
INSTALL_STRIP_PROGRAM='${SHELL} $(install_sh) -c -s'
LDFLAGS=''
LIBOBJS=''
LIBS=''
LIBTOOL='$(SHELL) $(top_builddir)/libtool'
LN_S='ln -s'
LTLIBOBJS=''
MAKEINFO='${SHELL} /home/tanel/Projects/quitter/missing --run makeinfo'
NO_PREFIX_PACKAGE_DATA_DIR='share'
NO_PREFIX_PACKAGE_DOC_DIR='doc/quitter'
NO_PREFIX_PACKAGE_HELP_DIR='share/help'
NO_PREFIX_PACKAGE_MENU_DIR='share'
NO_PREFIX_PACKAGE_PIXMAPS_DIR='share/pixmaps'
OBJEXT='o'
PACKAGE='quitter'
PACKAGE_BUGREPORT=''
PACKAGE_DATA_DIR='/usr/share'
PACKAGE_DOC_DIR='/usr/doc/quitter'
PACKAGE_HELP_DIR='/usr/share/help'
PACKAGE_MENU_DIR='/usr/share'
PACKAGE_NAME=''
PACKAGE_PIXMAPS_DIR='/usr/share/pixmaps'
PACKAGE_STRING=''
PACKAGE_TARNAME=''
PACKAGE_VERSION=''
PATH_SEPARATOR=':'
PKG_CONFIG='/usr/bin/pkg-config'
RANLIB='ranlib'
SET_MAKE=''
SHELL='/bin/sh'
STRIP='strip'
VERSION='0.2'
ac_ct_AR='ar'
ac_ct_CC='gcc'
ac_ct_CXX='g++'
ac_ct_F77=''
ac_ct_RANLIB='ranlib'
ac_ct_STRIP='strip'
am__fastdepCC_FALSE='#'
am__fastdepCC_TRUE=''
am__fastdepCXX_FALSE='#'
am__fastdepCXX_TRUE=''
am__include='include'
am__leading_dot='.'
am__quote=''
bindir='${exec_prefix}/bin'
build='i686-redhat-linux-gnu'
build_alias=''
build_cpu='i686'
build_os='linux-gnu'
build_vendor='redhat'
datadir='${prefix}/share'
exec_prefix='${prefix}'
host='i686-redhat-linux-gnu'
host_alias=''
host_cpu='i686'
host_os='linux-gnu'
host_vendor='redhat'
includedir='${prefix}/include'
infodir='${prefix}/info'
install_sh='/home/tanel/Projects/quitter/install-sh'
libdir='${exec_prefix}/lib'
libexecdir='${exec_prefix}/libexec'
localstatedir='${prefix}/var'
mandir='${prefix}/man'
mkdir_p='mkdir -p -- .'
oldincludedir='/usr/include'
prefix='/usr'
program_transform_name='s,x,x,'
sbindir='${exec_prefix}/sbin'
sharedstatedir='${prefix}/com'
sysconfdir='${prefix}/etc'
target_alias=''

## ----------- ##
## confdefs.h. ##
## ----------- ##

#define HAVE_DLFCN_H 1
#define HAVE_INTTYPES_H 1
#define HAVE_MEMORY_H 1
#define HAVE_STDINT_H 1
#define HAVE_STDLIB_H 1
#define HAVE_STRINGS_H 1
#define HAVE_STRING_H 1
#define HAVE_SYS_STAT_H 1
#define HAVE_SYS_TYPES_H 1
#define HAVE_UNISTD_H 1
#define PACKAGE "quitter"
#define PACKAGE_BUGREPORT ""
#define PACKAGE_DATA_DIR "/usr/share"
#define PACKAGE_DOC_DIR "/usr/doc/quitter"
#define PACKAGE_HELP_DIR "/usr/share/help"
#define PACKAGE_MENU_DIR "/usr/share"
#define PACKAGE_NAME ""
#define PACKAGE_PIXMAPS_DIR "/usr/share/pixmaps"
#define PACKAGE_SOURCE_DIR "/home/tanel/Projects/quitter"
#define PACKAGE_STRING ""
#define PACKAGE_TARNAME ""
#define PACKAGE_VERSION ""
#define STDC_HEADERS 1
#define VERSION "0.2"
#endif
#ifdef __cplusplus
extern "C" void std::exit (int) throw (); using std::exit;

configure: exit 0

## ---------------------- ##
## Running config.status. ##
## ---------------------- ##

This file was extended by config.status, which was
generated by GNU Autoconf 2.59.  Invocation command line was

  CONFIG_FILES    = 
  CONFIG_HEADERS  = 
  CONFIG_LINKS    = 
  CONFIG_COMMANDS = 
  $ ./config.status 

on trebla

config.status:728: creating Makefile
config.status:728: creating src/Makefile
config.status:832: creating config.h
config.status:952: config.h is unchanged
config.status:1132: executing depfiles commands

## ---------------------- ##
## Running config.status. ##
## ---------------------- ##

This file was extended by config.status, which was
generated by GNU Autoconf 2.59.  Invocation command line was

  CONFIG_FILES    = 
  CONFIG_HEADERS  = 
  CONFIG_LINKS    = 
  CONFIG_COMMANDS = 
  $ ./config.status config.h

on trebla

config.status:832: creating config.h
config.status:952: config.h is unchanged
